<?xml version="1.0" encoding="UTF-8"?>
<!-- Generated by org.testng.reporters.JUnitReportReporter -->
<testsuite hostname="DESKTOP-HCJ0JMN" failures="0" tests="1" name="org.test.SampleClass" time="0.453" errors="0" timestamp="26 Oct 2024 08:17:03 GMT" skipped="0">
  <testcase classname="org.test.SampleClass" name="login" time="0.453"/>
</testsuite> <!-- org.test.SampleClass -->
