<?xml version="1.0" encoding="UTF-8"?>
<!-- Generated by org.testng.reporters.JUnitReportReporter -->
<testsuite hostname="DESKTOP-HCJ0JMN" failures="0" tests="1" name="org.test.Hello" time="0.002" errors="0" timestamp="11 Nov 2024 07:41:03 GMT" skipped="0">
  <testcase classname="org.test.Hello" name="login" time="0.002"/>
</testsuite> <!-- org.test.Hello -->
