<?xml version="1.0" encoding="UTF-8"?>
<!-- Generated by org.testng.reporters.JUnitReportReporter -->
<testsuite hostname="DESKTOP-HCJ0JMN" failures="0" tests="1" name="org.test.testNGbasic.OmrClass" time="0.411" errors="0" timestamp="29 Oct 2024 05:28:34 GMT" skipped="0">
  <testcase classname="org.test.testNGbasic.OmrClass" name="login" time="0.411"/>
</testsuite> <!-- org.test.testNGbasic.OmrClass -->
