<?xml version="1.0" encoding="UTF-8"?>
<!-- Generated by org.testng.reporters.JUnitReportReporter -->
<testsuite hostname="DESKTOP-HCJ0JMN" failures="0" tests="1" name="org.test.OmrClass" time="0.813" errors="0" timestamp="26 Oct 2024 13:27:51 GMT" skipped="0">
  <testcase classname="org.test.OmrClass" name="login" time="0.813"/>
</testsuite> <!-- org.test.OmrClass -->
