<?xml version="1.0" encoding="UTF-8"?>
<!-- Generated by org.testng.reporters.JUnitReportReporter -->
<testsuite hostname="DESKTOP-HCJ0JMN" failures="0" tests="8" name="org.test.testNGbasic.Sample" time="0.029" errors="0" timestamp="29 Oct 2024 05:28:10 GMT" skipped="1">
  <testcase classname="org.test.testNGbasic.Sample" name="loginn" time="0.020"/>
  <testcase classname="org.test.testNGbasic.Sample" name="searchListingProduct" time="0.002"/>
  <testcase classname="org.test.testNGbasic.Sample" name="searchListingProduct" time="0.002"/>
  <testcase classname="org.test.testNGbasic.Sample" name="searchListingProduct" time="0.002"/>
  <testcase classname="org.test.testNGbasic.Sample" name="searchListingProduct" time="0.001"/>
  <testcase classname="org.test.testNGbasic.Sample" name="myCartPage" time="0.001"/>
  <testcase classname="org.test.testNGbasic.Sample" name="orderConfirmationPage" time="0.001"/>
  <testcase classname="org.test.testNGbasic.Sample" name="searchProduct">
    <skipped/>
  </testcase> <!-- searchProduct -->
</testsuite> <!-- org.test.testNGbasic.Sample -->
