<?xml version="1.0" encoding="UTF-8"?>
<!-- Generated by org.testng.reporters.JUnitReportReporter -->
<testsuite hostname="DESKTOP-HCJ0JMN" failures="0" tests="1" name="org.omr.test.Sample" time="0.423" errors="0" timestamp="28 Oct 2024 09:55:55 GMT" skipped="0">
  <testcase classname="org.omr.test.Sample" name="loginn" time="0.423"/>
</testsuite> <!-- org.omr.test.Sample -->
