<?xml version="1.0" encoding="UTF-8"?>
<!-- Generated by org.testng.reporters.JUnitReportReporter -->
<testsuite hostname="DESKTOP-HCJ0JMN" failures="0" tests="1" name="org.test.Asserts.Sample" time="0.442" errors="0" timestamp="27 Oct 2024 05:16:07 GMT" skipped="0">
  <testcase classname="org.test.Asserts.Sample" name="loginn" time="0.442"/>
</testsuite> <!-- org.test.Asserts.Sample -->
