<?xml version="1.0" encoding="UTF-8"?>
<!-- Generated by org.testng.reporters.JUnitReportReporter -->
<testsuite hostname="DESKTOP-HCJ0JMN" failures="0" tests="4" name="org.test.Dataprovider.Sample" time="1.541" errors="0" timestamp="27 Oct 2024 06:11:47 GMT" skipped="0">
  <testcase classname="org.test.Dataprovider.Sample" name="login" time="0.424"/>
  <testcase classname="org.test.Dataprovider.Sample" name="login" time="0.407"/>
  <testcase classname="org.test.Dataprovider.Sample" name="login" time="0.288"/>
  <testcase classname="org.test.Dataprovider.Sample" name="login" time="0.422"/>
</testsuite> <!-- org.test.Dataprovider.Sample -->
