<?xml version="1.0" encoding="UTF-8"?>
<!-- Generated by org.testng.reporters.JUnitReportReporter -->
<testsuite hostname="DESKTOP-HCJ0JMN" failures="0" tests="2" name="org.test.Dataprovider.Hello" time="0.020" errors="0" timestamp="27 Oct 2024 05:28:45 GMT" skipped="0">
  <testcase classname="org.test.Dataprovider.Hello" name="login" time="0.019"/>
  <testcase classname="org.test.Dataprovider.Hello" name="login" time="0.001"/>
</testsuite> <!-- org.test.Dataprovider.Hello -->
